<?xml version="1.0" encoding="utf-8"?><testsuites name="pytest tests"><testsuite name="pytest" errors="0" failures="0" skipped="0" tests="19" time="4.933" timestamp="2026-05-01T08:55:25.108291+00:00" hostname="agent-env-8c3dee93-2d8d-4054-ad50-d3f10e370b64"><testcase classname="backend.tests.test_makia_auth.TestHealthEndpoints" name="test_health_check" time="0.102" /><testcase classname="backend.tests.test_makia_auth.TestHealthEndpoints" name="test_root_endpoint" time="0.099" /><testcase classname="backend.tests.test_makia_auth.TestAuthLogin" name="test_login_success" time="0.338" /><testcase classname="backend.tests.test_makia_auth.TestAuthLogin" name="test_login_invalid_email" time="0.115" /><testcase classname="backend.tests.test_makia_auth.TestAuthLogin" name="test_login_invalid_password" time="0.324" /><testcase classname="backend.tests.test_makia_auth.TestAuthLogin" name="test_login_empty_credentials" time="0.132" /><testcase classname="backend.tests.test_makia_auth.TestAuthMe" name="test_get_me_with_token" time="0.431" /><testcase classname="backend.tests.test_makia_auth.TestAuthMe" name="test_get_me_without_token" time="0.099" /><testcase classname="backend.tests.test_makia_auth.TestAuthMe" name="test_get_me_with_invalid_token" time="0.104" /><testcase classname="backend.tests.test_makia_auth.TestAuthLogout" name="test_logout" time="0.445" /><testcase classname="backend.tests.test_makia_auth.TestProtectedLeadsEndpoints" name="test_get_leads_without_auth" time="0.100" /><testcase classname="backend.tests.test_makia_auth.TestProtectedLeadsEndpoints" name="test_get_leads_with_auth" time="0.426" /><testcase classname="backend.tests.test_makia_auth.TestProtectedLeadsEndpoints" name="test_get_lead_by_id_without_auth" time="0.098" /><testcase classname="backend.tests.test_makia_auth.TestProtectedLeadsEndpoints" name="test_patch_lead_without_auth" time="0.101" /><testcase classname="backend.tests.test_makia_auth.TestProtectedLeadsEndpoints" name="test_delete_lead_without_auth" time="0.105" /><testcase classname="backend.tests.test_makia_auth.TestProtectedLeadsEndpoints" name="test_get_stats_without_auth" time="0.103" /><testcase classname="backend.tests.test_makia_auth.TestProtectedLeadsEndpoints" name="test_get_stats_with_auth" time="0.438" /><testcase classname="backend.tests.test_makia_auth.TestPublicLeadCreation" name="test_create_lead_without_auth" time="0.543" /><testcase classname="backend.tests.test_makia_auth.TestLeadStatusUpdate" name="test_update_lead_status" time="0.760" /></testsuite></testsuites>