<?xml version="1.0" encoding="utf-8"?><testsuites name="pytest tests"><testsuite name="pytest" errors="0" failures="0" skipped="0" tests="32" time="12.636" timestamp="2026-04-08T18:56:50.678778+00:00" hostname="agent-env-8c3dee93-2d8d-4054-ad50-d3f10e370b64"><testcase classname="backend.tests.test_makia_api.TestHealthEndpoint" name="test_health_check" time="0.252" /><testcase classname="backend.tests.test_makia_api.TestHealthEndpoint" name="test_root_endpoint" time="0.110" /><testcase classname="backend.tests.test_makia_api.TestLeadsCRUD" name="test_create_lead" time="0.544" /><testcase classname="backend.tests.test_makia_api.TestLeadsCRUD" name="test_create_lead_and_verify_persistence" time="0.774" /><testcase classname="backend.tests.test_makia_api.TestLeadsCRUD" name="test_get_leads_list" time="0.517" /><testcase classname="backend.tests.test_makia_api.TestLeadsCRUD" name="test_get_lead_by_id" time="0.690" /><testcase classname="backend.tests.test_makia_api.TestLeadsCRUD" name="test_get_nonexistent_lead" time="0.496" /><testcase classname="backend.tests.test_makia_api.TestLeadsCRUD" name="test_update_lead_status" time="0.851" /><testcase classname="backend.tests.test_makia_api.TestLeadsCRUD" name="test_delete_lead" time="0.734" /><testcase classname="backend.tests.test_makia_api.TestLeadsCRUD" name="test_delete_nonexistent_lead" time="0.569" /><testcase classname="backend.tests.test_makia_api.TestLeadValidation" name="test_create_lead_minimal_fields" time="0.542" /><testcase classname="backend.tests.test_makia_api.TestLeadValidation" name="test_create_lead_with_questions_mode" time="0.642" /><testcase classname="backend.tests.test_makia_api.TestLeadsStats" name="test_get_leads_stats" time="0.481" /><testcase classname="backend.tests.test_makia_auth.TestHealthEndpoints" name="test_health_check" time="0.113" /><testcase classname="backend.tests.test_makia_auth.TestHealthEndpoints" name="test_root_endpoint" time="0.119" /><testcase classname="backend.tests.test_makia_auth.TestAuthLogin" name="test_login_success" time="0.329" /><testcase classname="backend.tests.test_makia_auth.TestAuthLogin" name="test_login_invalid_email" time="0.114" /><testcase classname="backend.tests.test_makia_auth.TestAuthLogin" name="test_login_invalid_password" time="0.332" /><testcase classname="backend.tests.test_makia_auth.TestAuthLogin" name="test_login_empty_credentials" time="0.108" /><testcase classname="backend.tests.test_makia_auth.TestAuthMe" name="test_get_me_with_token" time="0.441" /><testcase classname="backend.tests.test_makia_auth.TestAuthMe" name="test_get_me_without_token" time="0.110" /><testcase classname="backend.tests.test_makia_auth.TestAuthMe" name="test_get_me_with_invalid_token" time="0.128" /><testcase classname="backend.tests.test_makia_auth.TestAuthLogout" name="test_logout" time="0.452" /><testcase classname="backend.tests.test_makia_auth.TestProtectedLeadsEndpoints" name="test_get_leads_without_auth" time="0.110" /><testcase classname="backend.tests.test_makia_auth.TestProtectedLeadsEndpoints" name="test_get_leads_with_auth" time="0.472" /><testcase classname="backend.tests.test_makia_auth.TestProtectedLeadsEndpoints" name="test_get_lead_by_id_without_auth" time="0.122" /><testcase classname="backend.tests.test_makia_auth.TestProtectedLeadsEndpoints" name="test_patch_lead_without_auth" time="0.108" /><testcase classname="backend.tests.test_makia_auth.TestProtectedLeadsEndpoints" name="test_delete_lead_without_auth" time="0.125" /><testcase classname="backend.tests.test_makia_auth.TestProtectedLeadsEndpoints" name="test_get_stats_without_auth" time="0.112" /><testcase classname="backend.tests.test_makia_auth.TestProtectedLeadsEndpoints" name="test_get_stats_with_auth" time="0.488" /><testcase classname="backend.tests.test_makia_auth.TestPublicLeadCreation" name="test_create_lead_without_auth" time="0.591" /><testcase classname="backend.tests.test_makia_auth.TestLeadStatusUpdate" name="test_update_lead_status" time="0.952" /></testsuite></testsuites>