<?xml version="1.0" encoding="utf-8"?><testsuites name="pytest tests"><testsuite name="pytest" errors="0" failures="8" skipped="0" tests="32" time="7.615" timestamp="2026-04-08T18:55:47.668330+00:00" hostname="agent-env-8c3dee93-2d8d-4054-ad50-d3f10e370b64"><testcase classname="backend.tests.test_makia_api.TestHealthEndpoint" name="test_health_check" time="0.142" /><testcase classname="backend.tests.test_makia_api.TestHealthEndpoint" name="test_root_endpoint" time="0.129" /><testcase classname="backend.tests.test_makia_api.TestLeadsCRUD" name="test_create_lead" time="0.135" /><testcase classname="backend.tests.test_makia_api.TestLeadsCRUD" name="test_create_lead_and_verify_persistence" time="0.208"><failure message="assert 401 == 200&#10; +  where 401 = &lt;Response [401]&gt;.status_code">backend/tests/test_makia_api.py:82: in test_create_lead_and_verify_persistence
    assert get_response.status_code == 200
E   assert 401 == 200
E    +  where 401 = &lt;Response [401]&gt;.status_code</failure></testcase><testcase classname="backend.tests.test_makia_api.TestLeadsCRUD" name="test_get_leads_list" time="0.111"><failure message="assert 401 == 200&#10; +  where 401 = &lt;Response [401]&gt;.status_code">backend/tests/test_makia_api.py:95: in test_get_leads_list
    assert response.status_code == 200
E   assert 401 == 200
E    +  where 401 = &lt;Response [401]&gt;.status_code</failure></testcase><testcase classname="backend.tests.test_makia_api.TestLeadsCRUD" name="test_get_lead_by_id" time="0.242"><failure message="assert 401 == 200&#10; +  where 401 = &lt;Response [401]&gt;.status_code">backend/tests/test_makia_api.py:110: in test_get_lead_by_id
    assert response.status_code == 200
E   assert 401 == 200
E    +  where 401 = &lt;Response [401]&gt;.status_code</failure></testcase><testcase classname="backend.tests.test_makia_api.TestLeadsCRUD" name="test_get_nonexistent_lead" time="0.115"><failure message="assert 401 == 404&#10; +  where 401 = &lt;Response [401]&gt;.status_code">backend/tests/test_makia_api.py:124: in test_get_nonexistent_lead
    assert response.status_code == 404
E   assert 401 == 404
E    +  where 401 = &lt;Response [401]&gt;.status_code</failure></testcase><testcase classname="backend.tests.test_makia_api.TestLeadsCRUD" name="test_update_lead_status" time="0.222"><failure message="assert 401 == 200&#10; +  where 401 = &lt;Response [401]&gt;.status_code">backend/tests/test_makia_api.py:137: in test_update_lead_status
    assert response.status_code == 200
E   assert 401 == 200
E    +  where 401 = &lt;Response [401]&gt;.status_code</failure></testcase><testcase classname="backend.tests.test_makia_api.TestLeadsCRUD" name="test_delete_lead" time="0.276"><failure message="assert 401 == 200&#10; +  where 401 = &lt;Response [401]&gt;.status_code">backend/tests/test_makia_api.py:160: in test_delete_lead
    assert response.status_code == 200
E   assert 401 == 200
E    +  where 401 = &lt;Response [401]&gt;.status_code</failure></testcase><testcase classname="backend.tests.test_makia_api.TestLeadsCRUD" name="test_delete_nonexistent_lead" time="0.100"><failure message="assert 401 == 404&#10; +  where 401 = &lt;Response [401]&gt;.status_code">backend/tests/test_makia_api.py:171: in test_delete_nonexistent_lead
    assert response.status_code == 404
E   assert 401 == 404
E    +  where 401 = &lt;Response [401]&gt;.status_code</failure></testcase><testcase classname="backend.tests.test_makia_api.TestLeadValidation" name="test_create_lead_minimal_fields" time="0.243" /><testcase classname="backend.tests.test_makia_api.TestLeadValidation" name="test_create_lead_with_questions_mode" time="0.232" /><testcase classname="backend.tests.test_makia_api.TestLeadsStats" name="test_get_leads_stats" time="0.105"><failure message="assert 401 == 200&#10; +  where 401 = &lt;Response [401]&gt;.status_code">backend/tests/test_makia_api.py:229: in test_get_leads_stats
    assert response.status_code == 200
E   assert 401 == 200
E    +  where 401 = &lt;Response [401]&gt;.status_code</failure></testcase><testcase classname="backend.tests.test_makia_auth.TestHealthEndpoints" name="test_health_check" time="0.099" /><testcase classname="backend.tests.test_makia_auth.TestHealthEndpoints" name="test_root_endpoint" time="0.110" /><testcase classname="backend.tests.test_makia_auth.TestAuthLogin" name="test_login_success" time="0.339" /><testcase classname="backend.tests.test_makia_auth.TestAuthLogin" name="test_login_invalid_email" time="0.110" /><testcase classname="backend.tests.test_makia_auth.TestAuthLogin" name="test_login_invalid_password" time="0.337" /><testcase classname="backend.tests.test_makia_auth.TestAuthLogin" name="test_login_empty_credentials" time="0.114" /><testcase classname="backend.tests.test_makia_auth.TestAuthMe" name="test_get_me_with_token" time="0.477" /><testcase classname="backend.tests.test_makia_auth.TestAuthMe" name="test_get_me_without_token" time="0.112" /><testcase classname="backend.tests.test_makia_auth.TestAuthMe" name="test_get_me_with_invalid_token" time="0.135" /><testcase classname="backend.tests.test_makia_auth.TestAuthLogout" name="test_logout" time="0.460" /><testcase classname="backend.tests.test_makia_auth.TestProtectedLeadsEndpoints" name="test_get_leads_without_auth" time="0.137" /><testcase classname="backend.tests.test_makia_auth.TestProtectedLeadsEndpoints" name="test_get_leads_with_auth" time="0.489" /><testcase classname="backend.tests.test_makia_auth.TestProtectedLeadsEndpoints" name="test_get_lead_by_id_without_auth" time="0.112" /><testcase classname="backend.tests.test_makia_auth.TestProtectedLeadsEndpoints" name="test_patch_lead_without_auth" time="0.118" /><testcase classname="backend.tests.test_makia_auth.TestProtectedLeadsEndpoints" name="test_delete_lead_without_auth" time="0.126" /><testcase classname="backend.tests.test_makia_auth.TestProtectedLeadsEndpoints" name="test_get_stats_without_auth" time="0.101" /><testcase classname="backend.tests.test_makia_auth.TestProtectedLeadsEndpoints" name="test_get_stats_with_auth" time="0.462" /><testcase classname="backend.tests.test_makia_auth.TestPublicLeadCreation" name="test_create_lead_without_auth" time="0.559" /><testcase classname="backend.tests.test_makia_auth.TestLeadStatusUpdate" name="test_update_lead_status" time="0.825" /></testsuite></testsuites>