<?xml version="1.0" encoding="utf-8"?><testsuites name="pytest tests"><testsuite name="pytest" errors="0" failures="0" skipped="0" tests="13" time="6.605" timestamp="2026-05-01T08:55:15.827709+00:00" hostname="agent-env-8c3dee93-2d8d-4054-ad50-d3f10e370b64"><testcase classname="backend.tests.test_makia_api.TestHealthEndpoint" name="test_health_check" time="0.183" /><testcase classname="backend.tests.test_makia_api.TestHealthEndpoint" name="test_root_endpoint" time="0.137" /><testcase classname="backend.tests.test_makia_api.TestLeadsCRUD" name="test_create_lead" time="0.558" /><testcase classname="backend.tests.test_makia_api.TestLeadsCRUD" name="test_create_lead_and_verify_persistence" time="0.683" /><testcase classname="backend.tests.test_makia_api.TestLeadsCRUD" name="test_get_leads_list" time="0.428" /><testcase classname="backend.tests.test_makia_api.TestLeadsCRUD" name="test_get_lead_by_id" time="0.667" /><testcase classname="backend.tests.test_makia_api.TestLeadsCRUD" name="test_get_nonexistent_lead" time="0.458" /><testcase classname="backend.tests.test_makia_api.TestLeadsCRUD" name="test_update_lead_status" time="0.762" /><testcase classname="backend.tests.test_makia_api.TestLeadsCRUD" name="test_delete_lead" time="0.697" /><testcase classname="backend.tests.test_makia_api.TestLeadsCRUD" name="test_delete_nonexistent_lead" time="0.427" /><testcase classname="backend.tests.test_makia_api.TestLeadValidation" name="test_create_lead_minimal_fields" time="0.574" /><testcase classname="backend.tests.test_makia_api.TestLeadValidation" name="test_create_lead_with_questions_mode" time="0.525" /><testcase classname="backend.tests.test_makia_api.TestLeadsStats" name="test_get_leads_stats" time="0.436" /></testsuite></testsuites>