<?xml version="1.0" encoding="utf-8"?><testsuites name="pytest tests"><testsuite name="pytest" errors="0" failures="0" skipped="0" tests="13" time="2.787" timestamp="2026-04-05T09:27:23.912354+00:00" hostname="agent-env-8c3dee93-2d8d-4054-ad50-d3f10e370b64"><testcase classname="backend.tests.test_makia_api.TestHealthEndpoint" name="test_health_check" time="0.229" /><testcase classname="backend.tests.test_makia_api.TestHealthEndpoint" name="test_root_endpoint" time="0.111" /><testcase classname="backend.tests.test_makia_api.TestLeadsCRUD" name="test_create_lead" time="0.117" /><testcase classname="backend.tests.test_makia_api.TestLeadsCRUD" name="test_create_lead_and_verify_persistence" time="0.329" /><testcase classname="backend.tests.test_makia_api.TestLeadsCRUD" name="test_get_leads_list" time="0.140" /><testcase classname="backend.tests.test_makia_api.TestLeadsCRUD" name="test_get_lead_by_id" time="0.350" /><testcase classname="backend.tests.test_makia_api.TestLeadsCRUD" name="test_get_nonexistent_lead" time="0.103" /><testcase classname="backend.tests.test_makia_api.TestLeadsCRUD" name="test_update_lead_status" time="0.396" /><testcase classname="backend.tests.test_makia_api.TestLeadsCRUD" name="test_delete_lead" time="0.294" /><testcase classname="backend.tests.test_makia_api.TestLeadsCRUD" name="test_delete_nonexistent_lead" time="0.094" /><testcase classname="backend.tests.test_makia_api.TestLeadValidation" name="test_create_lead_minimal_fields" time="0.212" /><testcase classname="backend.tests.test_makia_api.TestLeadValidation" name="test_create_lead_with_questions_mode" time="0.241" /><testcase classname="backend.tests.test_makia_api.TestLeadsStats" name="test_get_leads_stats" time="0.097" /></testsuite></testsuites>