<?xml version="1.0" encoding="utf-8"?><testsuites name="pytest tests"><testsuite name="pytest" errors="0" failures="0" skipped="0" tests="32" time="11.257" timestamp="2026-05-01T09:02:43.839352+00:00" hostname="agent-env-8c3dee93-2d8d-4054-ad50-d3f10e370b64"><testcase classname="backend.tests.test_makia_api.TestHealthEndpoint" name="test_health_check" time="0.179" /><testcase classname="backend.tests.test_makia_api.TestHealthEndpoint" name="test_root_endpoint" time="0.102" /><testcase classname="backend.tests.test_makia_api.TestLeadsCRUD" name="test_create_lead" time="0.555" /><testcase classname="backend.tests.test_makia_api.TestLeadsCRUD" name="test_create_lead_and_verify_persistence" time="0.732" /><testcase classname="backend.tests.test_makia_api.TestLeadsCRUD" name="test_get_leads_list" time="0.428" /><testcase classname="backend.tests.test_makia_api.TestLeadsCRUD" name="test_get_lead_by_id" time="0.630" /><testcase classname="backend.tests.test_makia_api.TestLeadsCRUD" name="test_get_nonexistent_lead" time="0.453" /><testcase classname="backend.tests.test_makia_api.TestLeadsCRUD" name="test_update_lead_status" time="0.728" /><testcase classname="backend.tests.test_makia_api.TestLeadsCRUD" name="test_delete_lead" time="0.654" /><testcase classname="backend.tests.test_makia_api.TestLeadsCRUD" name="test_delete_nonexistent_lead" time="0.437" /><testcase classname="backend.tests.test_makia_api.TestLeadValidation" name="test_create_lead_minimal_fields" time="0.539" /><testcase classname="backend.tests.test_makia_api.TestLeadValidation" name="test_create_lead_with_questions_mode" time="0.542" /><testcase classname="backend.tests.test_makia_api.TestLeadsStats" name="test_get_leads_stats" time="0.429" /><testcase classname="backend.tests.test_makia_auth.TestHealthEndpoints" name="test_health_check" time="0.097" /><testcase classname="backend.tests.test_makia_auth.TestHealthEndpoints" name="test_root_endpoint" time="0.113" /><testcase classname="backend.tests.test_makia_auth.TestAuthLogin" name="test_login_success" time="0.332" /><testcase classname="backend.tests.test_makia_auth.TestAuthLogin" name="test_login_invalid_email" time="0.102" /><testcase classname="backend.tests.test_makia_auth.TestAuthLogin" name="test_login_invalid_password" time="0.327" /><testcase classname="backend.tests.test_makia_auth.TestAuthLogin" name="test_login_empty_credentials" time="0.104" /><testcase classname="backend.tests.test_makia_auth.TestAuthMe" name="test_get_me_with_token" time="0.422" /><testcase classname="backend.tests.test_makia_auth.TestAuthMe" name="test_get_me_without_token" time="0.103" /><testcase classname="backend.tests.test_makia_auth.TestAuthMe" name="test_get_me_with_invalid_token" time="0.091" /><testcase classname="backend.tests.test_makia_auth.TestAuthLogout" name="test_logout" time="0.429" /><testcase classname="backend.tests.test_makia_auth.TestProtectedLeadsEndpoints" name="test_get_leads_without_auth" time="0.099" /><testcase classname="backend.tests.test_makia_auth.TestProtectedLeadsEndpoints" name="test_get_leads_with_auth" time="0.435" /><testcase classname="backend.tests.test_makia_auth.TestProtectedLeadsEndpoints" name="test_get_lead_by_id_without_auth" time="0.102" /><testcase classname="backend.tests.test_makia_auth.TestProtectedLeadsEndpoints" name="test_patch_lead_without_auth" time="0.095" /><testcase classname="backend.tests.test_makia_auth.TestProtectedLeadsEndpoints" name="test_delete_lead_without_auth" time="0.094" /><testcase classname="backend.tests.test_makia_auth.TestProtectedLeadsEndpoints" name="test_get_stats_without_auth" time="0.102" /><testcase classname="backend.tests.test_makia_auth.TestProtectedLeadsEndpoints" name="test_get_stats_with_auth" time="0.420" /><testcase classname="backend.tests.test_makia_auth.TestPublicLeadCreation" name="test_create_lead_without_auth" time="0.557" /><testcase classname="backend.tests.test_makia_auth.TestLeadStatusUpdate" name="test_update_lead_status" time="0.744" /></testsuite></testsuites>